--------------------------------------------------------------------------------
Release 14.7 Trace  (nt64)
Copyright (c) 1995-2013 Xilinx, Inc.  All rights reserved.

C:\Xilinx\14.7\ISE_DS\ISE\bin\nt64\unwrapped\trce.exe -intstyle ise -v 3 -s 4
-n 3 -fastpaths -xml temporizador.twx temporizador.ncd -o temporizador.twr
temporizador.pcf

Design file:              temporizador.ncd
Physical constraint file: temporizador.pcf
Device,package,speed:     xc3s500e,fg320,-4 (PRODUCTION 1.27 2013-10-13)
Report level:             verbose report

Environment Variable      Effect 
--------------------      ------ 
NONE                      No environment variables were set
--------------------------------------------------------------------------------

INFO:Timing:2698 - No timing constraints found, doing default enumeration.
INFO:Timing:3412 - To improve timing, see the Timing Closure User Guide (UG612).
INFO:Timing:2752 - To get complete path coverage, use the unconstrained paths 
   option. All paths that are not constrained will be reported in the 
   unconstrained paths section(s) of the report.
INFO:Timing:3339 - The clock-to-out numbers in this timing report are based on 
   a 50 Ohm transmission line loading model.  For the details of this model, 
   and for more information on accounting for different loading conditions, 
   please see the device datasheet.
INFO:Timing:3390 - This architecture does not support a default System Jitter 
   value, please add SYSTEM_JITTER constraint to the UCF to modify the Clock 
   Uncertainty calculation.
INFO:Timing:3389 - This architecture does not support 'Discrete Jitter' and 
   'Phase Error' calculations, these terms will be zero in the Clock 
   Uncertainty calculation.  Please make appropriate modification to 
   SYSTEM_JITTER to account for the unsupported Discrete Jitter and Phase 
   Error.



Data Sheet report:
-----------------
All values displayed in nanoseconds (ns)

Setup/Hold to clock clk
------------+------------+------------+------------------+--------+
            |Max Setup to|Max Hold to |                  | Clock  |
Source      | clk (edge) | clk (edge) |Internal Clock(s) | Phase  |
------------+------------+------------+------------------+--------+
botao       |    4.596(R)|    0.290(R)|clk_BUFGP         |   0.000|
------------+------------+------------+------------------+--------+

Clock clk to Pad
------------+------------+------------------+--------+
            | clk (edge) |                  | Clock  |
Destination |   to PAD   |Internal Clock(s) | Phase  |
------------+------------+------------------+--------+
dig1<0>     |   12.700(R)|clk_BUFGP         |   0.000|
dig1<1>     |   12.701(R)|clk_BUFGP         |   0.000|
dig1<2>     |   12.323(R)|clk_BUFGP         |   0.000|
dig1<3>     |   12.276(R)|clk_BUFGP         |   0.000|
dig1<4>     |   12.701(R)|clk_BUFGP         |   0.000|
dig1<5>     |   12.719(R)|clk_BUFGP         |   0.000|
dig1<6>     |   11.778(R)|clk_BUFGP         |   0.000|
dig2<0>     |   10.405(R)|clk_BUFGP         |   0.000|
dig2<1>     |   11.184(R)|clk_BUFGP         |   0.000|
dig2<2>     |   10.612(R)|clk_BUFGP         |   0.000|
dig2<3>     |   10.901(R)|clk_BUFGP         |   0.000|
dig2<4>     |   10.659(R)|clk_BUFGP         |   0.000|
dig2<5>     |   11.155(R)|clk_BUFGP         |   0.000|
dig2<6>     |   10.890(R)|clk_BUFGP         |   0.000|
------------+------------+------------------+--------+

Clock to Setup on destination clock clk
---------------+---------+---------+---------+---------+
               | Src:Rise| Src:Fall| Src:Rise| Src:Fall|
Source Clock   |Dest:Rise|Dest:Rise|Dest:Fall|Dest:Fall|
---------------+---------+---------+---------+---------+
clk            |   10.259|         |         |         |
---------------+---------+---------+---------+---------+


Analysis completed Tue Oct 22 16:30:22 2019 
--------------------------------------------------------------------------------

Trace Settings:
-------------------------
Trace Settings 

Peak Memory Usage: 4509 MB



