Release 14.7 - xst P.20131013 (nt64)
Copyright (c) 1995-2013 Xilinx, Inc.  All rights reserved.
--> Parameter TMPDIR set to xst/projnav.tmp


Total REAL time to Xst completion: 0.00 secs
Total CPU time to Xst completion: 0.26 secs
 
--> Parameter xsthdpdir set to xst


Total REAL time to Xst completion: 0.00 secs
Total CPU time to Xst completion: 0.26 secs
 
--> Reading design: blob_1.prj

TABLE OF CONTENTS
  1) Synthesis Options Summary
  2) HDL Compilation
  3) Design Hierarchy Analysis
  4) HDL Analysis
  5) HDL Synthesis
     5.1) HDL Synthesis Report
  6) Advanced HDL Synthesis
     6.1) Advanced HDL Synthesis Report
  7) Low Level Synthesis
  8) Partition Report
  9) Final Report
	9.1) Device utilization summary
	9.2) Partition Resource Summary
	9.3) TIMING REPORT


=========================================================================
*                      Synthesis Options Summary                        *
=========================================================================
---- Source Parameters
Input File Name                    : "blob_1.prj"
Input Format                       : mixed
Ignore Synthesis Constraint File   : NO

---- Target Parameters
Output File Name                   : "blob_1"
Output Format                      : NGC
Target Device                      : xc3s100e-5-vq100

---- Source Options
Top Module Name                    : blob_1
Automatic FSM Extraction           : YES
FSM Encoding Algorithm             : Auto
Safe Implementation                : No
FSM Style                          : LUT
RAM Extraction                     : Yes
RAM Style                          : Auto
ROM Extraction                     : Yes
Mux Style                          : Auto
Decoder Extraction                 : YES
Priority Encoder Extraction        : Yes
Shift Register Extraction          : YES
Logical Shifter Extraction         : YES
XOR Collapsing                     : YES
ROM Style                          : Auto
Mux Extraction                     : Yes
Resource Sharing                   : YES
Asynchronous To Synchronous        : NO
Multiplier Style                   : Auto
Automatic Register Balancing       : No

---- Target Options
Add IO Buffers                     : YES
Global Maximum Fanout              : 100000
Add Generic Clock Buffer(BUFG)     : 24
Register Duplication               : YES
Slice Packing                      : YES
Optimize Instantiated Primitives   : NO
Use Clock Enable                   : Yes
Use Synchronous Set                : Yes
Use Synchronous Reset              : Yes
Pack IO Registers into IOBs        : Auto
Equivalent register Removal        : YES

---- General Options
Optimization Goal                  : Speed
Optimization Effort                : 1
Keep Hierarchy                     : No
Netlist Hierarchy                  : As_Optimized
RTL Output                         : Yes
Global Optimization                : AllClockNets
Read Cores                         : YES
Write Timing Constraints           : NO
Cross Clock Analysis               : NO
Hierarchy Separator                : /
Bus Delimiter                      : <>
Case Specifier                     : Maintain
Slice Utilization Ratio            : 100
BRAM Utilization Ratio             : 100
Verilog 2001                       : YES
Auto BRAM Packing                  : NO
Slice Utilization Ratio Delta      : 5

=========================================================================


=========================================================================
*                          HDL Compilation                              *
=========================================================================
Compiling vhdl file "C:/Users/Dell/Documents/aprender vhdl/blob_detection/new_packaage.vhd" in Library work.
Architecture new_packaage of Entity new_packaage is up to date.
Compiling vhdl file "C:/Users/Dell/Documents/aprender vhdl/blob_detection/median_filter.vhd" in Library work.
Architecture behavioral of Entity median_filter is up to date.
Compiling vhdl file "C:/Users/Dell/Documents/aprender vhdl/blob_detection/subtract.vhd" in Library work.
Architecture behavioral of Entity subtract is up to date.
Compiling vhdl file "C:/Users/Dell/Documents/aprender vhdl/blob_detection/threshold2.vhd" in Library work.
Architecture behavioral of Entity threshold2 is up to date.
Compiling vhdl file "C:/Users/Dell/Documents/aprender vhdl/blob_detection/threshold.vhd" in Library work.
Architecture behavioral of Entity threshold is up to date.
Compiling vhdl file "C:/Users/Dell/Documents/aprender vhdl/blob_detection/blob_1.vhd" in Library work.
Entity <blob_1> compiled.
Entity <blob_1> (Architecture <behavioral>) compiled.

=========================================================================
*                     Design Hierarchy Analysis                         *
=========================================================================
Analyzing hierarchy for entity <blob_1> in library <work> (architecture <behavioral>) with generics.
	archive = "rom.mif"
	max_value = 1536000
	number_of_blobs = 100
	tresh = 100

Analyzing hierarchy for entity <median_filter> in library <work> (architecture <behavioral>) with generics.
	COLUMNS = 240
	ROWS = 320

Analyzing hierarchy for entity <subtract> in library <work> (architecture <behavioral>).

Analyzing hierarchy for entity <threshold2> in library <work> (architecture <behavioral>) with generics.
	tresh = 100

Analyzing hierarchy for entity <threshold> in library <work> (architecture <behavioral>) with generics.
	tresh = 100


=========================================================================
*                            HDL Analysis                               *
=========================================================================
Analyzing generic Entity <blob_1> in library <work> (Architecture <behavioral>).
	archive = "rom.mif"
	max_value = 1536000
	number_of_blobs = 100
	tresh = 100
