--------------------------------------------------------------------------------
Release 14.7 Trace  (nt64)
Copyright (c) 1995-2013 Xilinx, Inc.  All rights reserved.

C:\Xilinx\14.7\ISE_DS\ISE\bin\nt64\unwrapped\trce.exe -intstyle ise -v 3 -s 4
-n 3 -fastpaths -xml prioridade.twx prioridade.ncd -o prioridade.twr
prioridade.pcf

Design file:              prioridade.ncd
Physical constraint file: prioridade.pcf
Device,package,speed:     xc3s500e,fg320,-4 (PRODUCTION 1.27 2013-10-13)
Report level:             verbose report

Environment Variable      Effect 
--------------------      ------ 
NONE                      No environment variables were set
--------------------------------------------------------------------------------

INFO:Timing:2698 - No timing constraints found, doing default enumeration.
INFO:Timing:3412 - To improve timing, see the Timing Closure User Guide (UG612).
INFO:Timing:2752 - To get complete path coverage, use the unconstrained paths 
   option. All paths that are not constrained will be reported in the 
   unconstrained paths section(s) of the report.
INFO:Timing:3339 - The clock-to-out numbers in this timing report are based on 
   a 50 Ohm transmission line loading model.  For the details of this model, 
   and for more information on accounting for different loading conditions, 
   please see the device datasheet.
INFO:Timing:3390 - This architecture does not support a default System Jitter 
   value, please add SYSTEM_JITTER constraint to the UCF to modify the Clock 
   Uncertainty calculation.
INFO:Timing:3389 - This architecture does not support 'Discrete Jitter' and 
   'Phase Error' calculations, these terms will be zero in the Clock 
   Uncertainty calculation.  Please make appropriate modification to 
   SYSTEM_JITTER to account for the unsupported Discrete Jitter and Phase 
   Error.



Data Sheet report:
-----------------
All values displayed in nanoseconds (ns)

Pad to Pad
---------------+---------------+---------+
Source Pad     |Destination Pad|  Delay  |
---------------+---------------+---------+
x<0>           |y<0>           |    6.900|
x<1>           |y<0>           |    6.697|
x<1>           |y<1>           |    6.265|
x<2>           |y<0>           |    6.751|
x<2>           |y<1>           |    6.319|
x<2>           |y<2>           |    6.328|
x<3>           |y<0>           |    6.987|
x<3>           |y<1>           |    6.525|
x<3>           |y<2>           |    6.574|
x<3>           |y<3>           |    6.233|
x<4>           |y<0>           |    9.136|
x<4>           |y<1>           |    8.704|
x<4>           |y<2>           |    8.748|
x<4>           |y<3>           |    7.374|
x<4>           |y<4>           |    6.507|
x<5>           |y<0>           |    9.447|
x<5>           |y<1>           |    9.015|
x<5>           |y<2>           |    9.059|
x<5>           |y<3>           |    7.685|
x<5>           |y<4>           |    6.388|
x<5>           |y<5>           |    6.357|
x<6>           |y<0>           |    9.045|
x<6>           |y<1>           |    8.613|
x<6>           |y<2>           |    8.657|
x<6>           |y<3>           |    7.283|
x<6>           |y<4>           |    6.525|
x<6>           |y<5>           |    6.559|
x<6>           |y<6>           |    6.542|
x<7>           |y<0>           |    9.458|
x<7>           |y<1>           |    9.026|
x<7>           |y<2>           |    9.070|
x<7>           |y<3>           |    7.696|
x<7>           |y<4>           |    7.578|
x<7>           |y<5>           |    7.308|
x<7>           |y<6>           |    6.366|
x<7>           |y<7>           |    4.897|
---------------+---------------+---------+


Analysis completed Tue Sep 03 16:25:53 2019 
--------------------------------------------------------------------------------

Trace Settings:
-------------------------
Trace Settings 

Peak Memory Usage: 182 MB



