Release 14.7 - xst P.20131013 (nt64)
Copyright (c) 1995-2013 Xilinx, Inc.  All rights reserved.
--> Parameter TMPDIR set to xst/projnav.tmp


Total REAL time to Xst completion: 0.00 secs
Total CPU time to Xst completion: 0.12 secs
 
--> Parameter xsthdpdir set to xst


Total REAL time to Xst completion: 0.00 secs
Total CPU time to Xst completion: 0.12 secs
 
--> Reading design: signalgenerator.prj

TABLE OF CONTENTS
  1) Synthesis Options Summary
  2) HDL Compilation
  3) Design Hierarchy Analysis
  4) HDL Analysis
  5) HDL Synthesis
     5.1) HDL Synthesis Report
  6) Advanced HDL Synthesis
     6.1) Advanced HDL Synthesis Report
  7) Low Level Synthesis
  8) Partition Report
  9) Final Report
	9.1) Device utilization summary
	9.2) Partition Resource Summary
	9.3) TIMING REPORT


=========================================================================
*                      Synthesis Options Summary                        *
=========================================================================
---- Source Parameters
Input File Name                    : "signalgenerator.prj"
Input Format                       : mixed
Ignore Synthesis Constraint File   : NO

---- Target Parameters
Output File Name                   : "signalgenerator"
Output Format                      : NGC
Target Device                      : xc3s500e-4-fg320

---- Source Options
Top Module Name                    : signalgenerator
Automatic FSM Extraction           : YES
FSM Encoding Algorithm             : Auto
Safe Implementation                : No
FSM Style                          : LUT
RAM Extraction                     : Yes
RAM Style                          : Auto
ROM Extraction                     : Yes
Mux Style                          : Auto
Decoder Extraction                 : YES
Priority Encoder Extraction        : Yes
Shift Register Extraction          : YES
Logical Shifter Extraction         : YES
XOR Collapsing                     : YES
ROM Style                          : Auto
Mux Extraction                     : Yes
Resource Sharing                   : YES
Asynchronous To Synchronous        : NO
Multiplier Style                   : Auto
Automatic Register Balancing       : No

---- Target Options
Add IO Buffers                     : YES
Global Maximum Fanout              : 100000
Add Generic Clock Buffer(BUFG)     : 24
Register Duplication               : YES
Slice Packing                      : YES
Optimize Instantiated Primitives   : NO
Use Clock Enable                   : Yes
Use Synchronous Set                : Yes
Use Synchronous Reset              : Yes
Pack IO Registers into IOBs        : Auto
Equivalent register Removal        : YES

---- General Options
Optimization Goal                  : Speed
Optimization Effort                : 1
Keep Hierarchy                     : No
Netlist Hierarchy                  : As_Optimized
RTL Output                         : Yes
Global Optimization                : AllClockNets
Read Cores                         : YES
Write Timing Constraints           : NO
Cross Clock Analysis               : NO
Hierarchy Separator                : /
Bus Delimiter                      : <>
Case Specifier                     : Maintain
Slice Utilization Ratio            : 100
BRAM Utilization Ratio             : 100
Verilog 2001                       : YES
Auto BRAM Packing                  : NO
Slice Utilization Ratio Delta      : 5

=========================================================================


=========================================================================
*                          HDL Compilation                              *
=========================================================================
Compiling vhdl file "C:/Users/Dell/Documents/aprender vhdl/exercicio23.2/signalgenerator.vhd" in Library work.
Entity <signalgenerator> compiled.
Entity <signalgenerator> (Architecture <behavioral>) compiled.

=========================================================================
*                     Design Hierarchy Analysis                         *
=========================================================================
Analyzing hierarchy for entity <signalgenerator> in library <work> (architecture <behavioral>).


=========================================================================
*                            HDL Analysis                               *
=========================================================================
Analyzing Entity <signalgenerator> in library <work> (Architecture <behavioral>).
Entity <signalgenerator> analyzed. Unit <signalgenerator> generated.


=========================================================================
*                           HDL Synthesis                               *
=========================================================================

Performing bidirectional port resolution...

Synthesizing Unit <signalgenerator>.
    Related source file is "C:/Users/Dell/Documents/aprender vhdl/exercicio23.2/signalgenerator.vhd".
    Found finite state machine <FSM_0> for signal <estado_anterior>.
    -----------------------------------------------------------------------
    | States             | 8                                              |
    | Transitions        | 8                                              |
    | Inputs             | 0                                              |
    | Outputs            | 8                                              |
    | Clock              | clk                       (falling_edge)       |
    | Power Up State     | a                                              |
    | Encoding           | automatic                                      |
    | Implementation     | LUT                                            |
    -----------------------------------------------------------------------
    Summary:
	inferred   1 Finite State Machine(s).
Unit <signalgenerator> synthesized.


=========================================================================
HDL Synthesis Report

Found no macro
=========================================================================

=========================================================================
*                       Advanced HDL Synthesis                          *
=========================================================================

Analyzing FSM <FSM_0> for best encoding.
Optimizing FSM <estado_anterior/FSM> on signal <estado_anterior[1:8]> with one-hot encoding.
-------------------
 State | Encoding
-------------------
 a     | 00000001
 b     | 00000010
 c     | 00000100
 d     | 00001000
 e     | 00010000
 f     | 00100000
 g     | 01000000
 h     | 10000000
-------------------

=========================================================================
Advanced HDL Synthesis Report

Macro Statistics
# FSMs                                                 : 1

=========================================================================

=========================================================================
*                         Low Level Synthesis                           *
=========================================================================

Optimizing unit <signalgenerator> ...

Mapping all equations...
Building and optimizing final netlist ...
Found area constraint ratio of 100 (+ 5) on block signalgenerator, actual ratio is 0.

Final Macro Processing ...

Processing Unit <signalgenerator> :
	Found 2-bit shift register for signal <estado_anterior_FSM_FFd6>.
Unit <signalgenerator> processed.

=========================================================================
Final Register Report

Macro Statistics
# Registers                                            : 6
 Flip-Flops                                            : 6
# Shift Registers                                      : 1
 2-bit shift register                                  : 1

=========================================================================

=========================================================================
*                           Partition Report                            *
=========================================================================

Partition Implementation Status
-------------------------------

  No Partitions were found in this design.

-------------------------------

=========================================================================
*                            Final Report                               *
=========================================================================
Final Results
RTL Top Level Output File Name     : signalgenerator.ngr
Top Level Output File Name         : signalgenerator
Output Format                      : NGC
Optimization Goal                  : Speed
Keep Hierarchy                     : No

Design Statistics
# IOs                              : 2

Cell Usage :
# BELS                             : 4
#      GND                         : 1
#      LUT3                        : 1
#      LUT4                        : 2
# FlipFlops/Latches                : 7
#      FD_1                        : 7
# Shift Registers                  : 1
#      SRL16_1                     : 1
# Clock Buffers                    : 1
#      BUFG                        : 1
# IO Buffers                       : 2
#      IBUF                        : 1
#      OBUF                        : 1
=========================================================================

Device utilization summary:
---------------------------

Selected Device : 3s500efg320-4 

 Number of Slices:                        4  out of   4656     0%  
 Number of Slice Flip Flops:              7  out of   9312     0%  
 Number of 4 input LUTs:                  4  out of   9312     0%  
    Number used as logic:                 3
    Number used as Shift registers:       1
 Number of IOs:                           2
 Number of bonded IOBs:                   2  out of    232     0%  
 Number of GCLKs:                         1  out of     24     4%  

---------------------------
Partition Resource Summary:
---------------------------

  No Partitions were found in this design.

---------------------------


=========================================================================
TIMING REPORT

NOTE: THESE TIMING NUMBERS ARE ONLY A SYNTHESIS ESTIMATE.
      FOR ACCURATE TIMING INFORMATION PLEASE REFER TO THE TRACE REPORT
      GENERATED AFTER PLACE-and-ROUTE.

Clock Information:
------------------
-----------------------------------+------------------------+-------+
Clock Signal                       | Clock buffer(FF name)  | Load  |
-----------------------------------+------------------------+-------+
clk                                | IBUF+BUFG              | 8     |
-----------------------------------+------------------------+-------+

Asynchronous Control Signals Information:
----------------------------------------
No asynchronous control signals found in this design

Timing Summary:
---------------
Speed Grade: -4

   Minimum period: 4.014ns (Maximum Frequency: 249.128MHz)
   Minimum input arrival time before clock: No path found
   Maximum output required time after clock: 6.768ns
   Maximum combinational path delay: 7.352ns

Timing Detail:
--------------
All values displayed in nanoseconds (ns)

=========================================================================
Timing constraint: Default period analysis for Clock 'clk'
  Clock period: 4.014ns (frequency: 249.128MHz)
  Total number of paths / destination ports: 8 / 8
-------------------------------------------------------------------------
Delay:               4.014ns (Levels of Logic = 0)
  Source:            Mshreg_estado_anterior_FSM_FFd6 (FF)
  Destination:       estado_anterior_FSM_FFd6 (FF)
  Source Clock:      clk falling
  Destination Clock: clk falling

  Data Path: Mshreg_estado_anterior_FSM_FFd6 to estado_anterior_FSM_FFd6
                                Gate     Net
    Cell:in->out      fanout   Delay   Delay  Logical Name (Net Name)
    ----------------------------------------  ------------
     SRL16_1:CLK->Q        1   3.706   0.000  Mshreg_estado_anterior_FSM_FFd6 (Mshreg_estado_anterior_FSM_FFd6)
     FD_1:D                    0.308          estado_anterior_FSM_FFd6
    ----------------------------------------
    Total                      4.014ns (4.014ns logic, 0.000ns route)
                                       (100.0% logic, 0.0% route)

=========================================================================
Timing constraint: Default OFFSET OUT AFTER for Clock 'clk'
  Total number of paths / destination ports: 7 / 1
-------------------------------------------------------------------------
Offset:              6.768ns (Levels of Logic = 3)
  Source:            estado_anterior_FSM_FFd4 (FF)
  Destination:       y (PAD)
  Source Clock:      clk falling

  Data Path: estado_anterior_FSM_FFd4 to y
                                Gate     Net
    Cell:in->out      fanout   Delay   Delay  Logical Name (Net Name)
    ----------------------------------------  ------------
     FD_1:C->Q             2   0.591   0.622  estado_anterior_FSM_FFd4 (estado_anterior_FSM_FFd4)
     LUT4:I0->O            1   0.704   0.455  y13 (y13)
     LUT4:I2->O            1   0.704   0.420  y20 (y_OBUF)
     OBUF:I->O                 3.272          y_OBUF (y)
    ----------------------------------------
    Total                      6.768ns (5.271ns logic, 1.497ns route)
                                       (77.9% logic, 22.1% route)

=========================================================================
Timing constraint: Default path analysis
  Total number of paths / destination ports: 2 / 1
-------------------------------------------------------------------------
Delay:               7.352ns (Levels of Logic = 4)
  Source:            clk (PAD)
  Destination:       y (PAD)

  Data Path: clk to y
                                Gate     Net
    Cell:in->out      fanout   Delay   Delay  Logical Name (Net Name)
    ----------------------------------------  ------------
     IBUF:I->O             3   1.218   0.610  clk_IBUF (clk_IBUF1)
     LUT3:I1->O            1   0.704   0.424  y4 (y4)
     LUT4:I3->O            1   0.704   0.420  y20 (y_OBUF)
     OBUF:I->O                 3.272          y_OBUF (y)
    ----------------------------------------
    Total                      7.352ns (5.898ns logic, 1.454ns route)
                                       (80.2% logic, 19.8% route)

=========================================================================


Total REAL time to Xst completion: 6.00 secs
Total CPU time to Xst completion: 5.96 secs
 
--> 

Total memory usage is 4520368 kilobytes

Number of errors   :    0 (   0 filtered)
Number of warnings :    0 (   0 filtered)
Number of infos    :    0 (   0 filtered)

