Release 14.7 - xst P.20131013 (nt64)
Copyright (c) 1995-2013 Xilinx, Inc.  All rights reserved.
--> Parameter TMPDIR set to xst/projnav.tmp


Total REAL time to Xst completion: 1.00 secs
Total CPU time to Xst completion: 0.13 secs
 
--> Parameter xsthdpdir set to xst


Total REAL time to Xst completion: 1.00 secs
Total CPU time to Xst completion: 0.13 secs
 
--> Reading design: comparadorcomsinal.prj

TABLE OF CONTENTS
  1) Synthesis Options Summary
  2) HDL Compilation
  3) Design Hierarchy Analysis
  4) HDL Analysis
  5) HDL Synthesis
     5.1) HDL Synthesis Report
  6) Advanced HDL Synthesis
     6.1) Advanced HDL Synthesis Report
  7) Low Level Synthesis
  8) Partition Report
  9) Final Report
	9.1) Device utilization summary
	9.2) Partition Resource Summary
	9.3) TIMING REPORT


=========================================================================
*                      Synthesis Options Summary                        *
=========================================================================
---- Source Parameters
Input File Name                    : "comparadorcomsinal.prj"
Input Format                       : mixed
Ignore Synthesis Constraint File   : NO

---- Target Parameters
Output File Name                   : "comparadorcomsinal"
Output Format                      : NGC
Target Device                      : xc3s500e-4-fg320

---- Source Options
Top Module Name                    : comparadorcomsinal
Automatic FSM Extraction           : YES
FSM Encoding Algorithm             : Auto
Safe Implementation                : No
FSM Style                          : LUT
RAM Extraction                     : Yes
RAM Style                          : Auto
ROM Extraction                     : Yes
Mux Style                          : Auto
Decoder Extraction                 : YES
Priority Encoder Extraction        : Yes
Shift Register Extraction          : YES
Logical Shifter Extraction         : YES
XOR Collapsing                     : YES
ROM Style                          : Auto
Mux Extraction                     : Yes
Resource Sharing                   : YES
Asynchronous To Synchronous        : NO
Multiplier Style                   : Auto
Automatic Register Balancing       : No

---- Target Options
Add IO Buffers                     : YES
Global Maximum Fanout              : 100000
Add Generic Clock Buffer(BUFG)     : 24
Register Duplication               : YES
Slice Packing                      : YES
Optimize Instantiated Primitives   : NO
Use Clock Enable                   : Yes
Use Synchronous Set                : Yes
Use Synchronous Reset              : Yes
Pack IO Registers into IOBs        : Auto
Equivalent register Removal        : YES

---- General Options
Optimization Goal                  : Speed
Optimization Effort                : 1
Keep Hierarchy                     : No
Netlist Hierarchy                  : As_Optimized
RTL Output                         : Yes
Global Optimization                : AllClockNets
Read Cores                         : YES
Write Timing Constraints           : NO
Cross Clock Analysis               : NO
Hierarchy Separator                : /
Bus Delimiter                      : <>
Case Specifier                     : Maintain
Slice Utilization Ratio            : 100
BRAM Utilization Ratio             : 100
Verilog 2001                       : YES
Auto BRAM Packing                  : NO
Slice Utilization Ratio Delta      : 5

=========================================================================


=========================================================================
*                          HDL Compilation                              *
=========================================================================
Compiling vhdl file "C:/Users/Dell/Documents/aprender vhdl/exercicio21.5/comparadorcomsinal.vhd" in Library work.
Entity <comparadorcomsinal> compiled.
Entity <comparadorcomsinal> (Architecture <behavioral>) compiled.

=========================================================================
*                     Design Hierarchy Analysis                         *
=========================================================================
Analyzing hierarchy for entity <comparadorcomsinal> in library <work> (architecture <behavioral>).


=========================================================================
*                            HDL Analysis                               *
=========================================================================
Analyzing Entity <comparadorcomsinal> in library <work> (Architecture <behavioral>).
Entity <comparadorcomsinal> analyzed. Unit <comparadorcomsinal> generated.


=========================================================================
*                           HDL Synthesis                               *
=========================================================================

Performing bidirectional port resolution...

Synthesizing Unit <comparadorcomsinal>.
    Related source file is "C:/Users/Dell/Documents/aprender vhdl/exercicio21.5/comparadorcomsinal.vhd".
    Found 9-bit comparator equal for signal <x$cmp_eq0000> created at line 14.
    Found 9-bit comparator less for signal <x$cmp_lt0000> created at line 15.
    Summary:
	inferred   2 Comparator(s).
Unit <comparadorcomsinal> synthesized.


=========================================================================
HDL Synthesis Report

Macro Statistics
# Comparators                                          : 2
 9-bit comparator equal                                : 1
 9-bit comparator less                                 : 1

=========================================================================

=========================================================================
*                       Advanced HDL Synthesis                          *
=========================================================================


=========================================================================
Advanced HDL Synthesis Report

Macro Statistics
# Comparators                                          : 2
 9-bit comparator equal                                : 1
 9-bit comparator less                                 : 1

=========================================================================

=========================================================================
*                         Low Level Synthesis                           *
=========================================================================

Optimizing unit <comparadorcomsinal> ...

Mapping all equations...
Building and optimizing final netlist ...
Found area constraint ratio of 100 (+ 5) on block comparadorcomsinal, actual ratio is 0.

Final Macro Processing ...

=========================================================================
Final Register Report

Found no macro
=========================================================================

=========================================================================
*                           Partition Report                            *
=========================================================================

Partition Implementation Status
-------------------------------

  No Partitions were found in this design.

-------------------------------

=========================================================================
*                            Final Report                               *
=========================================================================
Final Results
RTL Top Level Output File Name     : comparadorcomsinal.ngr
Top Level Output File Name         : comparadorcomsinal
Output Format                      : NGC
Optimization Goal                  : Speed
Keep Hierarchy                     : No

Design Statistics
# IOs                              : 21

Cell Usage :
# BELS                             : 32
#      GND                         : 1
#      LUT2                        : 12
#      LUT4                        : 4
#      MUXCY                       : 14
#      VCC                         : 1
# IO Buffers                       : 21
#      IBUF                        : 18
#      OBUF                        : 3
=========================================================================

Device utilization summary:
---------------------------

Selected Device : 3s500efg320-4 

 Number of Slices:                        9  out of   4656     0%  
 Number of 4 input LUTs:                 16  out of   9312     0%  
 Number of IOs:                          21
 Number of bonded IOBs:                  21  out of    232     9%  

---------------------------
Partition Resource Summary:
---------------------------

  No Partitions were found in this design.

---------------------------


=========================================================================
TIMING REPORT

NOTE: THESE TIMING NUMBERS ARE ONLY A SYNTHESIS ESTIMATE.
      FOR ACCURATE TIMING INFORMATION PLEASE REFER TO THE TRACE REPORT
      GENERATED AFTER PLACE-and-ROUTE.

Clock Information:
------------------
No clock signals found in this design

Asynchronous Control Signals Information:
----------------------------------------
No asynchronous control signals found in this design

Timing Summary:
---------------
Speed Grade: -4

   Minimum period: No path found
   Minimum input arrival time before clock: No path found
   Maximum output required time after clock: No path found
   Maximum combinational path delay: 8.802ns

Timing Detail:
--------------
All values displayed in nanoseconds (ns)

=========================================================================
Timing constraint: Default path analysis
  Total number of paths / destination ports: 108 / 3
-------------------------------------------------------------------------
Delay:               8.802ns (Levels of Logic = 13)
  Source:            a<0> (PAD)
  Destination:       x<1> (PAD)

  Data Path: a<0> to x<1>
                                Gate     Net
    Cell:in->out      fanout   Delay   Delay  Logical Name (Net Name)
    ----------------------------------------  ------------
     IBUF:I->O             2   1.218   0.622  a_0_IBUF (a_0_IBUF)
     LUT2:I0->O            1   0.704   0.000  Mcompar_x_cmp_lt0000_lut<0> (Mcompar_x_cmp_lt0000_lut<0>)
     MUXCY:S->O            1   0.464   0.000  Mcompar_x_cmp_lt0000_cy<0> (Mcompar_x_cmp_lt0000_cy<0>)
     MUXCY:CI->O           1   0.059   0.000  Mcompar_x_cmp_lt0000_cy<1> (Mcompar_x_cmp_lt0000_cy<1>)
     MUXCY:CI->O           1   0.059   0.000  Mcompar_x_cmp_lt0000_cy<2> (Mcompar_x_cmp_lt0000_cy<2>)
     MUXCY:CI->O           1   0.059   0.000  Mcompar_x_cmp_lt0000_cy<3> (Mcompar_x_cmp_lt0000_cy<3>)
     MUXCY:CI->O           1   0.059   0.000  Mcompar_x_cmp_lt0000_cy<4> (Mcompar_x_cmp_lt0000_cy<4>)
     MUXCY:CI->O           1   0.059   0.000  Mcompar_x_cmp_lt0000_cy<5> (Mcompar_x_cmp_lt0000_cy<5>)
     MUXCY:CI->O           1   0.059   0.000  Mcompar_x_cmp_lt0000_cy<6> (Mcompar_x_cmp_lt0000_cy<6>)
     MUXCY:CI->O           1   0.059   0.000  Mcompar_x_cmp_lt0000_cy<7> (Mcompar_x_cmp_lt0000_cy<7>)
     MUXCY:CI->O           2   0.459   0.526  Mcompar_x_cmp_lt0000_cy<8> (Mcompar_x_cmp_lt0000_cy<8>)
     LUT2:I1->O            1   0.704   0.420  x<1>1 (x_1_OBUF)
     OBUF:I->O                 3.272          x_1_OBUF (x<1>)
    ----------------------------------------
    Total                      8.802ns (7.234ns logic, 1.568ns route)
                                       (82.2% logic, 17.8% route)

=========================================================================


Total REAL time to Xst completion: 7.00 secs
Total CPU time to Xst completion: 6.11 secs
 
--> 

Total memory usage is 293772 kilobytes

Number of errors   :    0 (   0 filtered)
Number of warnings :    0 (   0 filtered)
Number of infos    :    0 (   0 filtered)

