--------------------------------------------------------------------------------
Release 14.7 Trace  (nt64)
Copyright (c) 1995-2013 Xilinx, Inc.  All rights reserved.

C:\Xilinx\14.7\ISE_DS\ISE\bin\nt64\unwrapped\trce.exe -intstyle ise -v 3 -s 4
-n 3 -fastpaths -xml codificadordeprioridade.twx codificadordeprioridade.ncd -o
codificadordeprioridade.twr codificadordeprioridade.pcf

Design file:              codificadordeprioridade.ncd
Physical constraint file: codificadordeprioridade.pcf
Device,package,speed:     xc3s100e,cp132,-4 (PRODUCTION 1.27 2013-10-13)
Report level:             verbose report

Environment Variable      Effect 
--------------------      ------ 
NONE                      No environment variables were set
--------------------------------------------------------------------------------

INFO:Timing:2698 - No timing constraints found, doing default enumeration.
INFO:Timing:3412 - To improve timing, see the Timing Closure User Guide (UG612).
INFO:Timing:2752 - To get complete path coverage, use the unconstrained paths 
   option. All paths that are not constrained will be reported in the 
   unconstrained paths section(s) of the report.
INFO:Timing:3339 - The clock-to-out numbers in this timing report are based on 
   a 50 Ohm transmission line loading model.  For the details of this model, 
   and for more information on accounting for different loading conditions, 
   please see the device datasheet.
INFO:Timing:3390 - This architecture does not support a default System Jitter 
   value, please add SYSTEM_JITTER constraint to the UCF to modify the Clock 
   Uncertainty calculation.
INFO:Timing:3389 - This architecture does not support 'Discrete Jitter' and 
   'Phase Error' calculations, these terms will be zero in the Clock 
   Uncertainty calculation.  Please make appropriate modification to 
   SYSTEM_JITTER to account for the unsupported Discrete Jitter and Phase 
   Error.



Data Sheet report:
-----------------
All values displayed in nanoseconds (ns)

Pad to Pad
---------------+---------------+---------+
Source Pad     |Destination Pad|  Delay  |
---------------+---------------+---------+
x<0>           |y<0>           |    6.957|
x<0>           |y<1>           |    6.952|
x<0>           |y<2>           |    6.694|
x<0>           |y<3>           |    6.850|
x<0>           |y<4>           |    6.207|
x<0>           |y<5>           |    5.917|
x<0>           |y<6>           |    6.204|
x<1>           |y<0>           |    6.893|
x<1>           |y<1>           |    7.057|
x<1>           |y<2>           |    6.837|
x<1>           |y<3>           |    6.726|
x<1>           |y<4>           |    6.350|
x<1>           |y<5>           |    6.481|
x<1>           |y<6>           |    6.309|
x<2>           |y<0>           |    7.069|
x<2>           |y<1>           |    7.243|
x<2>           |y<2>           |    6.958|
x<2>           |y<3>           |    6.967|
x<2>           |y<4>           |    6.471|
x<2>           |y<5>           |    6.439|
x<2>           |y<6>           |    6.495|
x<3>           |y<0>           |    7.202|
x<3>           |y<1>           |    7.209|
x<3>           |y<2>           |    6.982|
x<3>           |y<3>           |    7.060|
x<3>           |y<4>           |    6.495|
x<3>           |y<5>           |    6.802|
x<3>           |y<6>           |    6.461|
---------------+---------------+---------+


Analysis completed Wed Oct 30 17:10:50 2019 
--------------------------------------------------------------------------------

Trace Settings:
-------------------------
Trace Settings 

Peak Memory Usage: 4487 MB



